<?xml version="1.0" encoding="utf-8"?><testsuites name="pytest tests"><testsuite name="pytest" errors="0" failures="0" skipped="0" tests="39" time="7.548" timestamp="2026-04-03T14:13:28.601582+00:00" hostname="agent-env-4ec50931-e24f-432b-bc3f-d82c3ce8387a"><testcase classname="backend.tests.test_gamemaster.TestGMStats" name="test_gm_stats_returns_all_fields" time="0.526" /><testcase classname="backend.tests.test_gamemaster.TestGMStats" name="test_gm_stats_requires_admin" time="0.448" /><testcase classname="backend.tests.test_gamemaster.TestScheduledTasks" name="test_list_tasks" time="0.106" /><testcase classname="backend.tests.test_gamemaster.TestScheduledTasks" name="test_create_task_restart" time="0.130" /><testcase classname="backend.tests.test_gamemaster.TestScheduledTasks" name="test_create_task_broadcast" time="0.104" /><testcase classname="backend.tests.test_gamemaster.TestScheduledTasks" name="test_create_task_invalid_action" time="0.100" /><testcase classname="backend.tests.test_gamemaster.TestScheduledTasks" name="test_update_task" time="0.202" /><testcase classname="backend.tests.test_gamemaster.TestScheduledTasks" name="test_run_task_now" time="0.105" /><testcase classname="backend.tests.test_gamemaster.TestScheduledTasks" name="test_delete_task" time="0.246" /><testcase classname="backend.tests.test_gamemaster.TestScheduledTasks" name="test_tasks_require_admin" time="0.112" /><testcase classname="backend.tests.test_gamemaster.TestBroadcasts" name="test_list_broadcasts" time="0.119" /><testcase classname="backend.tests.test_gamemaster.TestBroadcasts" name="test_send_broadcast" time="0.692" /><testcase classname="backend.tests.test_gamemaster.TestBroadcasts" name="test_send_broadcast_empty_message" time="0.103" /><testcase classname="backend.tests.test_gamemaster.TestBroadcasts" name="test_broadcasts_require_admin" time="0.232" /><testcase classname="backend.tests.test_gamemaster.TestPlayerAdmin" name="test_list_managed_players" time="0.156" /><testcase classname="backend.tests.test_gamemaster.TestPlayerAdmin" name="test_get_player_profile" time="0.104" /><testcase classname="backend.tests.test_gamemaster.TestPlayerAdmin" name="test_add_player_note" time="0.112" /><testcase classname="backend.tests.test_gamemaster.TestPlayerAdmin" name="test_add_watchlist_note" time="0.130" /><testcase classname="backend.tests.test_gamemaster.TestPlayerAdmin" name="test_player_action_warn" time="0.697" /><testcase classname="backend.tests.test_gamemaster.TestPlayerAdmin" name="test_list_banned_players" time="0.101" /><testcase classname="backend.tests.test_gamemaster.TestPlayerAdmin" name="test_get_watchlist" time="0.104" /><testcase classname="backend.tests.test_gamemaster.TestPlayerAdmin" name="test_player_admin_requires_admin" time="0.219" /><testcase classname="backend.tests.test_gamemaster.TestEventTriggers" name="test_list_triggers" time="0.108" /><testcase classname="backend.tests.test_gamemaster.TestEventTriggers" name="test_create_trigger" time="0.116" /><testcase classname="backend.tests.test_gamemaster.TestEventTriggers" name="test_toggle_trigger" time="0.124" /><testcase classname="backend.tests.test_gamemaster.TestEventTriggers" name="test_delete_trigger" time="0.103" /><testcase classname="backend.tests.test_gamemaster.TestEventTriggers" name="test_triggers_require_admin" time="0.105" /><testcase classname="backend.tests.test_gamemaster.TestQuickCommands" name="test_list_quick_commands" time="0.102" /><testcase classname="backend.tests.test_gamemaster.TestQuickCommands" name="test_create_quick_command" time="0.104" /><testcase classname="backend.tests.test_gamemaster.TestQuickCommands" name="test_execute_quick_command" time="0.736" /><testcase classname="backend.tests.test_gamemaster.TestQuickCommands" name="test_delete_quick_command" time="0.117" /><testcase classname="backend.tests.test_gamemaster.TestQuickCommands" name="test_execute_nonexistent_command" time="0.129" /><testcase classname="backend.tests.test_gamemaster.TestQuickCommands" name="test_quick_commands_require_admin" time="0.112" /><testcase classname="backend.tests.test_gamemaster.TestActionLog" name="test_get_action_log" time="0.115" /><testcase classname="backend.tests.test_gamemaster.TestActionLog" name="test_action_log_with_limit" time="0.105" /><testcase classname="backend.tests.test_gamemaster.TestActionLog" name="test_action_log_requires_admin" time="0.110" /><testcase classname="backend.tests.test_gamemaster.TestCleanup" name="test_cleanup_test_tasks" time="0.208" /><testcase classname="backend.tests.test_gamemaster.TestCleanup" name="test_cleanup_test_triggers" time="0.122" /><testcase classname="backend.tests.test_gamemaster.TestCleanup" name="test_cleanup_test_commands" time="0.107" /></testsuite></testsuites>