<?xml version="1.0" encoding="utf-8"?><testsuites name="pytest tests"><testsuite name="pytest" errors="0" failures="0" skipped="1" tests="20" time="5.358" timestamp="2026-04-03T13:54:42.373065+00:00" hostname="agent-env-4ec50931-e24f-432b-bc3f-d82c3ce8387a"><testcase classname="backend.tests.test_factions.TestAuthAndSetup" name="test_setup_status" time="0.142" /><testcase classname="backend.tests.test_factions.TestAuthAndSetup" name="test_login_success" time="0.356" /><testcase classname="backend.tests.test_factions.TestAuthAndSetup" name="test_login_invalid_credentials" time="0.107" /><testcase classname="backend.tests.test_factions.TestServerStatus" name="test_server_status" time="1.661" /><testcase classname="backend.tests.test_factions.TestServerStatus" name="test_live_stats" time="0.099" /><testcase classname="backend.tests.test_factions.TestServerStatus" name="test_players_endpoint" time="0.116" /><testcase classname="backend.tests.test_factions.TestFactionCRUD" name="test_list_factions" time="0.099" /><testcase classname="backend.tests.test_factions.TestFactionCRUD" name="test_my_faction" time="0.139" /><testcase classname="backend.tests.test_factions.TestFactionCRUD" name="test_create_faction" time="0.105"><skipped type="pytest.skip" message="User already in a faction">/app/backend/tests/test_factions.py:134: User already in a faction</skipped></testcase><testcase classname="backend.tests.test_factions.TestFactionCRUD" name="test_get_faction_detail" time="0.224" /><testcase classname="backend.tests.test_factions.TestFactionCRUD" name="test_update_faction" time="0.362" /><testcase classname="backend.tests.test_factions.TestFactionMembership" name="test_pending_invites" time="0.103" /><testcase classname="backend.tests.test_factions.TestFactionMembership" name="test_invite_player_not_found" time="0.289" /><testcase classname="backend.tests.test_factions.TestFactionDiplomacy" name="test_list_treaties" time="0.230" /><testcase classname="backend.tests.test_factions.TestFactionDiplomacy" name="test_propose_treaty_validation" time="0.326" /><testcase classname="backend.tests.test_factions.TestAdminKeyManagement" name="test_list_keys" time="0.097" /><testcase classname="backend.tests.test_factions.TestAdminKeyManagement" name="test_generate_key" time="0.334" /><testcase classname="backend.tests.test_factions.TestDashboardTabs" name="test_events_endpoint" time="0.102" /><testcase classname="backend.tests.test_factions.TestDashboardTabs" name="test_console_log" time="0.099" /><testcase classname="backend.tests.test_factions.TestDashboardTabs" name="test_narrative_history" time="0.120" /></testsuite></testsuites>