<?xml version="1.0" encoding="utf-8"?><testsuites name="pytest tests"><testsuite name="pytest" errors="0" failures="0" skipped="0" tests="40" time="4.378" timestamp="2026-04-03T17:13:22.769312+00:00" hostname="agent-env-4ec50931-e24f-432b-bc3f-d82c3ce8387a"><testcase classname="backend.tests.test_world_economy.TestWorldState" name="test_world_state_returns_all_fields" time="0.464" /><testcase classname="backend.tests.test_world_economy.TestWorldState" name="test_world_state_hour_display_format" time="0.053" /><testcase classname="backend.tests.test_world_economy.TestWorldState" name="test_world_state_time_of_day_valid" time="0.052" /><testcase classname="backend.tests.test_world_economy.TestWorldState" name="test_world_state_season_valid" time="0.051" /><testcase classname="backend.tests.test_world_economy.TestWorldState" name="test_world_state_weather_valid" time="0.054" /><testcase classname="backend.tests.test_world_economy.TestWorldState" name="test_world_state_danger_level_range" time="0.054" /><testcase classname="backend.tests.test_world_economy.TestWorldState" name="test_world_state_tooltips_not_empty" time="0.057" /><testcase classname="backend.tests.test_world_economy.TestWorldState" name="test_world_state_day_range" time="0.076" /><testcase classname="backend.tests.test_world_economy.TestWorldState" name="test_world_state_requires_auth" time="0.109" /><testcase classname="backend.tests.test_world_economy.TestWorldOverride" name="test_world_override_weather" time="0.113" /><testcase classname="backend.tests.test_world_economy.TestWorldOverride" name="test_world_override_clear_weather" time="0.057" /><testcase classname="backend.tests.test_world_economy.TestWorldOverride" name="test_world_override_time_offset" time="0.135" /><testcase classname="backend.tests.test_world_economy.TestWorldOverride" name="test_world_override_custom_alert" time="0.168" /><testcase classname="backend.tests.test_world_economy.TestWorldOverride" name="test_world_override_requires_admin" time="0.428" /><testcase classname="backend.tests.test_world_economy.TestEconomyResources" name="test_resources_returns_25_items" time="0.054" /><testcase classname="backend.tests.test_world_economy.TestEconomyResources" name="test_resources_have_required_fields" time="0.057" /><testcase classname="backend.tests.test_world_economy.TestEconomyResources" name="test_resources_categories_valid" time="0.061" /><testcase classname="backend.tests.test_world_economy.TestEconomyResources" name="test_resources_rarity_valid" time="0.069" /><testcase classname="backend.tests.test_world_economy.TestEconomyResources" name="test_resources_supply_level_valid" time="0.057" /><testcase classname="backend.tests.test_world_economy.TestEconomyResources" name="test_resources_requires_auth" time="0.161" /><testcase classname="backend.tests.test_world_economy.TestEconomyRecipes" name="test_recipes_returns_10_items" time="0.087" /><testcase classname="backend.tests.test_world_economy.TestEconomyRecipes" name="test_recipes_have_required_fields" time="0.057" /><testcase classname="backend.tests.test_world_economy.TestEconomyRecipes" name="test_recipes_ingredients_structure" time="0.055" /><testcase classname="backend.tests.test_world_economy.TestEconomyRecipes" name="test_recipes_difficulty_valid" time="0.058" /><testcase classname="backend.tests.test_world_economy.TestTradeBoard" name="test_list_trades" time="0.082" /><testcase classname="backend.tests.test_world_economy.TestTradeBoard" name="test_create_trade" time="0.055" /><testcase classname="backend.tests.test_world_economy.TestTradeBoard" name="test_create_trade_validation" time="0.051" /><testcase classname="backend.tests.test_world_economy.TestTradeBoard" name="test_claim_trade" time="0.170" /><testcase classname="backend.tests.test_world_economy.TestTradeBoard" name="test_cannot_claim_own_trade" time="0.250" /><testcase classname="backend.tests.test_world_economy.TestTradeBoard" name="test_complete_trade" time="0.169" /><testcase classname="backend.tests.test_world_economy.TestTradeBoard" name="test_cancel_trade" time="0.118" /><testcase classname="backend.tests.test_world_economy.TestTradeBoard" name="test_trade_history" time="0.061" /><testcase classname="backend.tests.test_world_economy.TestSupplyRequests" name="test_list_supply_requests" time="0.054" /><testcase classname="backend.tests.test_world_economy.TestSupplyRequests" name="test_create_supply_request_normal" time="0.053" /><testcase classname="backend.tests.test_world_economy.TestSupplyRequests" name="test_create_supply_request_urgent" time="0.066" /><testcase classname="backend.tests.test_world_economy.TestSupplyRequests" name="test_create_supply_request_low" time="0.055" /><testcase classname="backend.tests.test_world_economy.TestSupplyRequests" name="test_fulfill_supply_request" time="0.105" /><testcase classname="backend.tests.test_world_economy.TestScarcityIndex" name="test_scarcity_index" time="0.054" /><testcase classname="backend.tests.test_world_economy.TestEconomyIntegration" name="test_existing_commander_trade" time="0.074" /><testcase classname="backend.tests.test_world_economy.TestEconomyIntegration" name="test_player_can_claim_commander_trade" time="0.160" /></testsuite></testsuites>